Build started 3/31/2017 7:23:41 PM.
     1>Project "C:\Users\HafizHamza\Documents\Visual Studio 2010\Projects\Calculator\Calculator\Calculator.vcxproj" on node 2 (build target(s)).
     1>InitializeBuildStatus:
         Touching "Debug\Calculator.unsuccessfulbuild".
       ClCompile:
         C:\Program Files (x86)\Microsoft Visual Studio 10.0\VC\bin\CL.exe /c /ZI /nologo /W3 /WX- /Od /Oy- /D _MBCS /Gm /EHsc /RTC1 /MDd /GS /fp:precise /Zc:wchar_t /Zc:forScope /Fo"Debug\\" /Fd"Debug\vc100.pdb" /Gd /TP /analyze- /errorReport:prompt Calculator.cpp
         Calculator.cpp
     1>c:\users\hafizhamza\documents\visual studio 2010\projects\calculator\calculator\calculator.cpp(16): warning C4996: 'getch': The POSIX name for this item is deprecated. Instead, use the ISO C++ conformant name: _getch. See online help for details.
                 c:\program files (x86)\microsoft visual studio 10.0\vc\include\conio.h(128) : see declaration of 'getch'
       Link:
         C:\Program Files (x86)\Microsoft Visual Studio 10.0\VC\bin\link.exe /ERRORREPORT:PROMPT /OUT:"C:\Users\HafizHamza\Documents\Visual Studio 2010\Projects\Calculator\Debug\Calculator.exe" /NOLOGO kernel32.lib user32.lib gdi32.lib winspool.lib comdlg32.lib advapi32.lib shell32.lib ole32.lib oleaut32.lib uuid.lib odbc32.lib odbccp32.lib /MANIFEST /ManifestFile:"Debug\Calculator.exe.intermediate.manifest" /MANIFESTUAC:"level='asInvoker' uiAccess='false'" /DEBUG /PDB:"C:\Users\HafizHamza\Documents\Visual Studio 2010\Projects\Calculator\Debug\Calculator.pdb" /TLBID:1 /DYNAMICBASE /NXCOMPAT /IMPLIB:"C:\Users\HafizHamza\Documents\Visual Studio 2010\Projects\Calculator\Debug\Calculator.lib" /MACHINE:X86 Debug\Calculator.obj
         Calculator.vcxproj -> C:\Users\HafizHamza\Documents\Visual Studio 2010\Projects\Calculator\Debug\Calculator.exe
       Manifest:
         C:\Program Files (x86)\Microsoft SDKs\Windows\v7.0A\bin\mt.exe /nologo /verbose /outputresource:"C:\Users\HafizHamza\Documents\Visual Studio 2010\Projects\Calculator\Debug\Calculator.exe;#1" /manifest Debug\Calculator.exe.intermediate.manifest
       FinalizeBuildStatus:
         Deleting file "Debug\Calculator.unsuccessfulbuild".
         Touching "Debug\Calculator.lastbuildstate".
     1>Done Building Project "C:\Users\HafizHamza\Documents\Visual Studio 2010\Projects\Calculator\Calculator\Calculator.vcxproj" (build target(s)).

Build succeeded.

Time Elapsed 00:00:01.80
